0 info it worked if it ends with ok
1 verbose cli [ '/usr/pkg/bin/node', '/usr/pkg/bin/npm', 'start' ]
2 info using npm@1.4.9
3 info using node@v0.10.28
4 verbose run-script [ 'prestart', 'start', 'poststart' ]
5 info prestart invoiced-server@0.0.0
6 info start invoiced-server@0.0.0
7 verbose unsafe-perm in lifecycle true
8 info invoiced-server@0.0.0 Failed to exec start script
9 error invoiced-server@0.0.0 start: `node index`
9 error Exit status 8
10 error Failed at the invoiced-server@0.0.0 start script.
10 error This is most likely a problem with the invoiced-server package,
10 error not with npm itself.
10 error Tell the author that this fails on your system:
10 error     node index
10 error You can get their info via:
10 error     npm owner ls invoiced-server
10 error There is likely additional logging output above.
11 error System Darwin 13.2.0
12 error command "/usr/pkg/bin/node" "/usr/pkg/bin/npm" "start"
13 error cwd /Volumes/Home/Projects/invoiced/server
14 error node -v v0.10.28
15 error npm -v 1.4.9
16 error code ELIFECYCLE
17 verbose exit [ 1, true ]
